C51 COMPILER V9.00   DELAY                                                                 12/18/2019 19:28:54 PAGE 1   


C51 COMPILER V9.00, COMPILATION OF MODULE DELAY
OBJECT MODULE PLACED IN Delay.OBJ
COMPILER INVOKED BY: D:\keil_v51\C51\BIN\C51.EXE Delay.c COMPACT BROWSE INCDIR(..\project) DEBUG OBJECTEXTEND

line level    source

   1          #include "Delay.h"
   2          
   3          void Delay10ms(unsigned int c)   //误差 0us
   4          {
   5   1          unsigned char a, b;
   6   1      
   7   1              //--c已经在传递过来的时候已经赋值了，所以在for语句第一句就不用赋值了--//
   8   1          for (;c>0;c--)
   9   1              {
  10   2                      for (b=38;b>0;b--)
  11   2                      {
  12   3                              for (a=130;a>0;a--);
  13   3                      }
  14   2                 
  15   2              }
  16   1      }


MODULE INFORMATION:   STATIC OVERLAYABLE
   CODE SIZE        =     25    ----
   CONSTANT SIZE    =   ----    ----
   XDATA SIZE       =   ----    ----
   PDATA SIZE       =   ----    ----
   DATA SIZE        =   ----    ----
   IDATA SIZE       =   ----    ----
   BIT SIZE         =   ----    ----
END OF MODULE INFORMATION.


C51 COMPILATION COMPLETE.  0 WARNING(S),  0 ERROR(S)
