C51 COMPILER V9.00   MAIN                                                                  12/18/2019 19:28:55 PAGE 1   


C51 COMPILER V9.00, COMPILATION OF MODULE MAIN
OBJECT MODULE PLACED IN main.OBJ
COMPILER INVOKED BY: D:\keil_v51\C51\BIN\C51.EXE main.c COMPACT BROWSE INCDIR(..\project) DEBUG OBJECTEXTEND

line level    source

   1          #include "reg52.h"    //此文件中定义了单片机的一些特殊功能寄存器
   2          #include "PWM.h"
   3          #include "Delay.h"
   4          #include "Uart.h"
   5          
   6          //sbit led=P2^0;           //将单片机的P2.0端口定义为led
   7           
   8          /*******************************************************************************
   9          * 函 数 名       : main
  10          * 函数功能               : 主函数
  11          * 输    入       : 无
  12          * 输    出       : 无
  13          *******************************************************************************/
  14          void main()
  15          {
  16   1              PWM_Init();     //初始化PWM     P20
  17   1              Uart_Init();  //初始化串口
  18   1      
  19   1              while(1)
  20   1              {
  21   2                      Delay10ms(1);
  22   2              }               
  23   1      }


MODULE INFORMATION:   STATIC OVERLAYABLE
   CODE SIZE        =     15    ----
   CONSTANT SIZE    =   ----    ----
   XDATA SIZE       =   ----    ----
   PDATA SIZE       =   ----    ----
   DATA SIZE        =   ----    ----
   IDATA SIZE       =   ----    ----
   BIT SIZE         =   ----    ----
END OF MODULE INFORMATION.


C51 COMPILATION COMPLETE.  0 WARNING(S),  0 ERROR(S)
