C51 COMPILER V9.00   PWM                                                                   12/18/2019 19:28:54 PAGE 1   


C51 COMPILER V9.00, COMPILATION OF MODULE PWM
OBJECT MODULE PLACED IN PWM.OBJ
COMPILER INVOKED BY: D:\keil_v51\C51\BIN\C51.EXE PWM.c COMPACT BROWSE INCDIR(..\project) DEBUG OBJECTEXTEND

line level    source

   1          #include <reg52.h>
   2          #include "PWM.h"
   3          #include "Uart.h"
   4          sbit PWM=P2^0;
   5          sbit Dir=P3^2;
   6          
   7          u8  c_TH[19] = {251,253,254,254,255,255,255,255,255,255,255,255,255,255,255,254,254,253,251};
   8          u8  c_TL[19] = {64438, 64987, 65170, 65261, 65316, 65353, 65379, 65398, 65414,65426,65414,65398,65379,6535
             -3,65316,65261,65170,64987,64438};
   9          u8 C_H;
  10          u8 C_L;
  11          
  12          unsigned long int cnt_timer1;
  13          unsigned long int PWM_Num;
  14          
  15          unsigned int speeds[19] = {420,840,1260,1680,2100,2520,2940,3360,3780,4200,3780,3360,2940,2520,2100,1680,1
             -260,840,420};
  16          unsigned int period[19] = {0};
  17          unsigned int periodD = 0;
  18          //速度控制有关的参数
  19          unsigned char stage = 0;
  20          
  21          void PWM_Init()   //16Hz~1MHz
  22          {
  23   1          TMOD|= 0x01;   //设置定时计数器0工作方式2为定时器 
  24   1      
  25   1               
  26   1              TH0 = 253; 
  27   1              TL0 = 64768;
  28   1              PT0=1;        //设置为高优先级
  29   1              ET0= 1;          //开启定时器1中断
  30   1              EA = 1;
  31   1      
  32   1          PWM=0;
  33   1      }
  34          
  35          void Set_PWM_Num()
  36          {
  37   1          PWM_Num = PWMNum;
  38   1      
  39   1              C_H = 253;
  40   1              C_L = 64768;
  41   1              /*
  42   1                               ―― ―― ―― ―― ―― ―― ―― ―― ―― ――
  43   1                         /                                                       \
  44   1                        /                                                                 \
  45   1                       /                                                                       \
  46   1                ――+―――――――――――――――――――――――――――――――――――――+―――――> periods
  47   1                      0                                                          16
  48   1              */
  49   1              //time zero
  50   1              periodD = PWM_Num/64*2; 
  51   1                                                        
  52   1              period[0] =  periodD*0.2;
  53   1              period[1] =  period[0] + periodD*0.4;
C51 COMPILER V9.00   PWM                                                                   12/18/2019 19:28:54 PAGE 2   

  54   1              period[2] =  period[1] + periodD*0.6;
  55   1      
  56   1              period[3] =  period[2] + periodD*0.8;      
  57   1              period[4] =  period[3] + periodD;
  58   1              period[5] =  period[4] + periodD*1.2;
  59   1      
  60   1              period[6] =  period[5] + periodD*1.4;
  61   1              period[7] =  period[6] + periodD*1.6;
  62   1              period[8] =  period[7] + periodD*1.8;   
  63   1                 
  64   1              period[9] =  periodD*55;                
  65   1                        
  66   1              period[10] =  period[9] + periodD*1.8;    
  67   1              period[11] =  period[10] + periodD*1.6;
  68   1              period[12] =  period[11] + periodD*1.4;
  69   1      
  70   1              period[13] =  period[12] + periodD*1.2;
  71   1              period[14] =  period[13] + periodD;
  72   1              period[15] =  period[14] + periodD*0.8;
  73   1      
  74   1              period[16] =  period[15] + periodD*0.6;
  75   1              period[17] =  period[16] + periodD*0.4;
  76   1              period[18] =  period[17] + periodD*0.2;
  77   1      
  78   1              
  79   1              SBUF=period[0]; //将接收到的数据放入到发送寄存器
  80   1              while(!TI);               //等待发送数据完成
  81   1              TI=0;                     //清除发送完成标志位    
  82   1              //time PWMNum
  83   1              TR0=1;
  84   1      }
  85          
  86          void stageChangeTODO(unsigned char stage_now){
  87   1      
  88   1              if(cnt_timer1>=period[stage_now])
  89   1              {
  90   2                      stage++;
  91   2                      C_H = c_TH[stage];
  92   2                      C_L = c_TL[stage];
  93   2              }
  94   1      }
  95          void Time1(void) interrupt 1    //3 为定时器1的中断号  1 定时器0的中断号 0 外部中断1 2 外部中断2  4 串口中
             -断
  96          {
  97   1              PWM=~PWM;
  98   1              if(stage <12)
  99   1              {
 100   2              stageChangeTODO(stage);
 101   2              }
 102   1              else if(stage == 12)
 103   1              {
 104   2                      if(cnt_timer1>=period[stage])   
 105   2                      {
 106   3                        PWM=0;
 107   3                        cnt_timer1=0;
 108   3                        TR0=0;
 109   3                      }
 110   2              }
 111   1      
 112   1              TH0 = C_H; 
 113   1              TL0 = C_L;
 114   1              cnt_timer1++;    
C51 COMPILER V9.00   PWM                                                                   12/18/2019 19:28:54 PAGE 3   

 115   1      
 116   1      }


MODULE INFORMATION:   STATIC OVERLAYABLE
   CODE SIZE        =   1323    ----
   CONSTANT SIZE    =   ----    ----
   XDATA SIZE       =   ----    ----
   PDATA SIZE       =    127    ----
   DATA SIZE        =   ----    ----
   IDATA SIZE       =   ----    ----
   BIT SIZE         =   ----    ----
END OF MODULE INFORMATION.


C51 COMPILATION COMPLETE.  0 WARNING(S),  0 ERROR(S)
