C51 COMPILER V9.00   UART                                                                  12/18/2019 19:28:55 PAGE 1   


C51 COMPILER V9.00, COMPILATION OF MODULE UART
OBJECT MODULE PLACED IN Uart.OBJ
COMPILER INVOKED BY: D:\keil_v51\C51\BIN\C51.EXE Uart.c COMPACT BROWSE INCDIR(..\project) DEBUG OBJECTEXTEND

line level    source

   1          #include <reg52.h>
   2          #include "Uart.h"
   3          #include "PWM.h"
   4          
   5          unsigned long int PWMNum = 0;
   6          
   7          void Uart_Init()
   8          {
   9   1              SCON=0X50;                      //设置为工作方式1
  10   1              TMOD|=0X20;                     //设置计数器工作方式2
  11   1              PCON=0X00;                      //波特率不加倍
  12   1              TH1=0XFA;                   //计数器初始值设置，注意波特率是4800的
  13   1              TL1=0XFA;
  14   1              ES=1;                                           //打开接收中断
  15   1              EA=1;                                           //打开总中断
  16   1              TR1=1;                                      //开启定时器1
  17   1      }
  18          
  19          void Usart() interrupt 4
  20          {
  21   1              unsigned char receiveData;
  22   1      
  23   1              receiveData=SBUF; //出去接收到的数据
  24   1              
  25   1      /*      switch(receiveData)
  26   1              {
  27   1              case 0x01: R_PWM_f = 2500;plus_num = 3600; break;
  28   1              case 0x02: R_PWM_f = 3000;plus_num = 3600;break;
  29   1              case 0x03: R_PWM_f = 3500;plus_num = 3600;break;
  30   1              default: R_PWM_f = 2000;plus_num=36000/receiveData; break;
  31   1              } */
  32   1              PWMNum=36000/receiveData;         //步进电机驱动器400p/r（减速比2）,平台减速比90，所以：36000p/r
  33   1                                                                //假设电机速度200~300r/min=5r/s，此时f=5*400=2000Hz，平台转速20°/s
  34   1              stage = 0;
  35   1              Set_PWM_Num();
  36   1      
  37   1              RI = 0;           //清除接收中断标志位
  38   1      
  39   1              SBUF=receiveData; //将接收到的数据放入到发送寄存器
  40   1              while(!TI);               //等待发送数据完成
  41   1              TI=0;                     //清除发送完成标志位
  42   1      }


MODULE INFORMATION:   STATIC OVERLAYABLE
   CODE SIZE        =    122    ----
   CONSTANT SIZE    =   ----    ----
   XDATA SIZE       =   ----    ----
   PDATA SIZE       =      4       1
   DATA SIZE        =   ----    ----
   IDATA SIZE       =   ----    ----
   BIT SIZE         =   ----    ----
END OF MODULE INFORMATION.


C51 COMPILATION COMPLETE.  0 WARNING(S),  0 ERROR(S)
